23:18:24.041 WARN  None o.e.c.EnsimeConfigProtocol$ - RawFile(/home/stelios/workspace/FunctionalDataStructures/target/scala-2.12/test-classes) does not exist, creating
23:18:24.596 INFO  None a.e.s.Slf4jLogger - Slf4jLogger started
23:18:24.606 DEBUG EventStream(akka://ENSIME) a.e.EventStream - logger log1-Slf4jLogger started
23:18:24.610 DEBUG EventStream(akka://ENSIME) a.e.EventStream - Default Loggers started
23:18:24.711 INFO  None o.a.c.v.i.StandardFileSystemManager - Using "/tmp/vfs_cache" as temporary files store.
23:18:24.765 DEBUG akka://ENSIME/system/IO-TCP/selectors/$a/0 a.i.TcpListener - Successfully bound to /127.0.0.1:33382
23:18:24.771 INFO  akka://ENSIME/user/ensime-main/tcp-server o.e.s.t.TCPServer - Bound server on port 33382
23:18:24.771 INFO  None o.e.s.PortUtil$ - creating port file: /home/stelios/workspace/FunctionalDataStructures/.ensime_cache/port
23:18:25.017 INFO  akka://ENSIME/user/ensime-main o.e.s.ServerActor - Environment:
23:18:25.018 INFO  akka://ENSIME/user/ensime-main o.e.s.ServerActor -   OS : Linux
23:18:25.018 INFO  akka://ENSIME/user/ensime-main o.e.s.ServerActor -   Java : Java HotSpot(TM) 64-Bit Server VM 25.191-b12, Java(TM) SE Runtime Environment 1.8.0_191-b12
23:18:25.018 INFO  akka://ENSIME/user/ensime-main o.e.s.ServerActor -   Scala version: version 2.12.6
23:18:25.019 INFO  akka://ENSIME/user/ensime-main o.e.s.ServerActor -   Ensime : 2.0.1
23:18:25.019 INFO  akka://ENSIME/user/ensime-main o.e.s.ServerActor -   Heap Size : 3817865216
23:18:25.019 INFO  akka://ENSIME/user/ensime-main o.e.s.ServerActor -   Built with Scala version: 2.12.5
23:18:25.020 INFO  akka://ENSIME/user/ensime-main o.e.s.ServerActor -   Built with sbt version: 0.13.17
23:18:25.020 INFO  akka://ENSIME/user/ensime-main o.e.s.ServerActor -   Built from git sha: 5dc1afd7d96569ef965899a1f78e6c5603ed82ec
23:18:25.020 INFO  None o.e.s.PortUtil$ - creating port file: /home/stelios/workspace/FunctionalDataStructures/.ensime_cache/http
23:18:25.020 INFO  akka://ENSIME/user/ensime-main o.e.s.ServerActor -   Built on: 2018-03-26
23:18:25.020 INFO  akka://ENSIME/user/ensime-main o.e.s.ServerActor - ENSIME HTTP on /127.0.0.1:40253
23:18:25.996 INFO  None o.e.i.g.GraphService - creating the graph database...
23:18:26.335 INFO  None o.e.s.WebSocketFrameHandler - Handlers ready
23:18:26.695 DEBUG akka://ENSIME/user/ensime-main/$b/1 o.e.s.RequestHandler - ConnectionInfoReq
23:18:26.798 INFO  None u.j.logger - Configuration of usage of soft references inside of containers of results of SQL execution
23:18:26.799 INFO  None u.j.logger - Initial and maximum values of heap memory usage are NOT equal, containers of results of SQL executors will NOT use soft references by default
23:18:26.800 INFO  None u.j.logger - Auto configuration of disk cache size.
23:18:26.800 INFO  None u.j.logger - Disk cache size is directly set by the user to the 64 mb
23:18:26.950 WARN  None u.j.logger - The configured memory chunk size (2147483647 bytes) is larger than the configured maximum cache size (67108864 bytes). That may cause overallocation of a memory which will be wasted, please tune the configuration up. Use the storage.diskCache.bufferS
23:18:26.952 INFO  None u.j.logger - Lowering memory chunk size from 2,147,483,647B to 67,108,864B.
23:18:27.257 INFO  None u.j.logger - Storage 'plocal:/home/stelios/workspace/FunctionalDataStructures/.ensime_cache/graph-2.0.5' is created under OrientDB distribution : 2.2.33 (build 77584cd6827f647cf4aa231cf27bd6f10bc04e2c, branch 2.2.x)
23:18:29.861 INFO  None o.e.i.g.GraphService - ... created the graph database
23:18:29.904 DEBUG None o.e.f.FileWatchService - init watcher
23:18:29.927 DEBUG None o.e.f.FileWatchService - start a background monitoring thread
23:18:29.928 DEBUG None o.e.f.FileWatchService - start monitoring WatchService events
23:18:29.928 DEBUG None o.e.f.FileWatchService - init watcher
23:18:29.935 DEBUG None o.e.f.FileWatchService - start a background monitoring thread
23:18:29.935 DEBUG None o.e.f.FileWatchService - start monitoring WatchService events
23:18:29.980 DEBUG akka://ENSIME/user/ensime-main/project o.e.c.Project - received handled message ConnectionInfoReq from Actor[akka://ENSIME/user/ensime-main/$b/1#712250291] in state awaitingConnectionInfoReq
23:18:29.983 DEBUG akka://ENSIME/user/ensime-main/$b/1 o.e.s.RequestHandler - received handled message ConnectionInfo(None,EnsimeImplementation(ENSIME),1.9.6) from Actor[akka://ENSIME/user/ensime-main/project#-1035356941] in state receive
23:18:30.020 DEBUG None o.e.i.SearchService - findStaleFileChecks
23:18:30.031 DEBUG None o.e.i.SearchService - removing 0 stale files from the index
23:18:30.084 DEBUG None o.e.i.SearchService - Indexing bases...
23:18:30.119 DEBUG akka://ENSIME/user/ensime-main/$b o.e.s.ConnectionHandler - received handled message FullTypeCheckCompleteEvent from Actor[akka://ENSIME/user/ensime-main/project/scalac#-668927625]
23:18:30.186 DEBUG akka://ENSIME/user/ensime-main/$b o.e.s.ConnectionHandler - received handled message AnalyzerReadyEvent from Actor[akka://ENSIME/user/ensime-main/project/$a#-417659897]
23:18:30.527 DEBUG akka://ENSIME/user/ensime-main/$b/2 o.e.s.RequestHandler - TypecheckFilesReq(List(Left(/home/stelios/workspace/FunctionalDataStructures/src/main/scala/Trees.scala), Left(/home/stelios/workspace/FunctionalDataStructures/src/main/scala/Stream.scala), Left(/home/stelios/workspace/FunctionalDataStructures/src/ma
23:18:30.527 DEBUG akka://ENSIME/user/ensime-main/project o.e.c.Project - received handled message TypecheckFilesReq(List(Left(/home/stelios/workspace/FunctionalDataStructures/src/main/scala/Trees.scala), Left(/home/stelios/workspace/FunctionalDataStructures/src/main/scala/Stream.scala), Left(/home/stelios/workspace/Functi
23:18:30.531 DEBUG akka://ENSIME/user/ensime-main/project/scalac o.e.c.AnalyzerManager - received handled message TypecheckFilesReq(List(Left(/home/stelios/workspace/FunctionalDataStructures/src/main/scala/Trees.scala), Left(/home/stelios/workspace/FunctionalDataStructures/src/main/scala/Stream.scala), Left(/home/stelios/workspace/Functi
23:18:30.971 DEBUG None o.e.i.SearchService - indexing file:///home/stelios/.sbt/boot/scala-2.12.6/lib/scala-library.jar
23:18:31.419 DEBUG None o.e.i.SearchService - indexing file:///usr/lib/jvm/java-8-oracle/jre/lib/rt.jar
23:18:33.228 DEBUG akka://ENSIME/user/ensime-main/$b o.e.s.ConnectionHandler - received handled message SendBackgroundMessageEvent(Initializing Analyzer. Please wait...,105) from Actor[akka://ENSIME/user/ensime-main/project/scalac/functionaldatastructures_compile#-1242703873]
23:18:33.256 DEBUG akka://ENSIME/user/ensime-main/project/scalac/functionaldatastructures_compile o.e.c.Analyzer - received handled message TypecheckFilesReq(List(Left(/home/stelios/workspace/FunctionalDataStructures/src/main/scala/Trees.scala), Left(/home/stelios/workspace/FunctionalDataStructures/src/main/scala/Stream.scala), Left(/home/stelios/workspace/Functi
23:18:33.263 DEBUG akka://ENSIME/user/ensime-main/$b o.e.s.ConnectionHandler - received handled message SendBackgroundMessageEvent(Initializing Analyzer. Please wait...,105) from Actor[akka://ENSIME/user/ensime-main/project/scalac/$a#396126485]
23:18:33.287 DEBUG akka://ENSIME/user/ensime-main/project/scalac/$a o.e.c.Analyzer - received handled message FullTypeCheckCompleteEvent from Actor[akka://ENSIME/deadLetters] in state startup
23:18:33.288 DEBUG akka://ENSIME/user/ensime-main/project/scalac/functionaldatastructures_compile o.e.c.Analyzer - received handled message FullTypeCheckCompleteEvent from Actor[akka://ENSIME/deadLetters] in state startup
23:18:33.288 DEBUG akka://ENSIME/user/ensime-main/project/scalac/functionaldatastructures_compile o.e.c.Analyzer - received handled message TypecheckFilesReq(List(Left(/home/stelios/workspace/FunctionalDataStructures/src/main/scala/Trees.scala), Left(/home/stelios/workspace/FunctionalDataStructures/src/main/scala/Stream.scala), Left(/home/stelios/workspace/Functi
23:18:33.323 DEBUG akka://ENSIME/user/ensime-main/$b o.e.s.ConnectionHandler - received handled message ClearAllScalaNotesEvent from Actor[akka://ENSIME/user/ensime-main/project/scalac/functionaldatastructures_compile#-1242703873]
23:18:33.452 DEBUG akka://ENSIME/user/ensime-main/$b/2 o.e.s.RequestHandler - received handled message VoidResponse from Actor[akka://ENSIME/user/ensime-main/project/scalac/$b#-1232707963] in state receive
23:18:33.803 DEBUG akka://ENSIME/user/ensime-main/$b o.e.s.ConnectionHandler - received handled message NewScalaNotesEvent(false,List(Note(/home/stelios/workspace/FunctionalDataStructures/src/main/scala/Stream.scala,'case' expected but '}' found.,NoteError,665,665,33,9))) from Actor[akka://ENSIME/user/ensime-main/project/scalac
23:18:35.784 DEBUG akka://ENSIME/user/ensime-main/$b o.e.s.ConnectionHandler - received handled message NewScalaNotesEvent(false,List(Note(/home/stelios/workspace/FunctionalDataStructures/src/main/scala/Stream.scala,pattern type is incompatible with expected type;
 found   : Stream.Empty.type
 required: Stream[A],NoteError,92,9
23:18:35.861 DEBUG akka://ENSIME/user/ensime-main/$b o.e.s.ConnectionHandler - received handled message NewScalaNotesEvent(false,List(Note(/home/stelios/workspace/FunctionalDataStructures/src/main/scala/Stream.scala,constructor cannot be instantiated to expected type;
 found   : Cons[A(in class Cons)]
 required: Stream[A(in tra
23:18:35.892 DEBUG akka://ENSIME/user/ensime-main/$b o.e.s.ConnectionHandler - received handled message NewScalaNotesEvent(false,List(Note(/home/stelios/workspace/FunctionalDataStructures/src/main/scala/Stream.scala,constructor cannot be instantiated to expected type;
 found   : Cons[A(in class Cons)]
 required: Stream[A(in tra
23:18:35.901 DEBUG akka://ENSIME/user/ensime-main/$b o.e.s.ConnectionHandler - received handled message NewScalaNotesEvent(false,List(Note(/home/stelios/workspace/FunctionalDataStructures/src/main/scala/Stream.scala,constructor cannot be instantiated to expected type;
 found   : Cons[A(in class Cons)]
 required: Stream[A(in tra
23:18:35.906 DEBUG akka://ENSIME/user/ensime-main/$b o.e.s.ConnectionHandler - received handled message NewScalaNotesEvent(false,List(Note(/home/stelios/workspace/FunctionalDataStructures/src/main/scala/Stream.scala,pattern type is incompatible with expected type;
 found   : Stream.Empty.type
 required: Stream[A],NoteError,407,
23:18:35.915 DEBUG akka://ENSIME/user/ensime-main/$b o.e.s.ConnectionHandler - received handled message NewScalaNotesEvent(false,List(Note(/home/stelios/workspace/FunctionalDataStructures/src/main/scala/Stream.scala,constructor cannot be instantiated to expected type;
 found   : Cons[A(in class Cons)]
 required: Stream[A(in tra
23:18:35.921 DEBUG akka://ENSIME/user/ensime-main/$b o.e.s.ConnectionHandler - received handled message NewScalaNotesEvent(false,List(Note(/home/stelios/workspace/FunctionalDataStructures/src/main/scala/Stream.scala,constructor cannot be instantiated to expected type;
 found   : Cons[A(in class Cons)]
 required: Stream[A(in tra
23:18:36.023 DEBUG akka://ENSIME/user/ensime-main/$b o.e.s.ConnectionHandler - received handled message NewScalaNotesEvent(false,List(Note(/home/stelios/workspace/FunctionalDataStructures/src/main/scala/Option.scala,constructor cannot be instantiated to expected type;
 found   : Some[A]
 required: Option.type,NoteError,429,433,
23:18:36.036 DEBUG akka://ENSIME/user/ensime-main/$b o.e.s.ConnectionHandler - received handled message NewScalaNotesEvent(false,List(Note(/home/stelios/workspace/FunctionalDataStructures/src/main/scala/Option.scala,pattern type is incompatible with expected type;
 found   : None.type
 required: Option.type,NoteError,462,466,19
23:18:36.042 DEBUG akka://ENSIME/user/ensime-main/$b o.e.s.ConnectionHandler - received handled message NewScalaNotesEvent(false,List(Note(/home/stelios/workspace/FunctionalDataStructures/src/main/scala/Option.scala,not found: type A,NoteError,503,504,22,22))) from Actor[akka://ENSIME/user/ensime-main/project/scalac/functionald
23:18:36.046 DEBUG akka://ENSIME/user/ensime-main/$b o.e.s.ConnectionHandler - received handled message NewScalaNotesEvent(false,List(Note(/home/stelios/workspace/FunctionalDataStructures/src/main/scala/Option.scala,pattern type is incompatible with expected type;
 found   : None.type
 required: Option.type,NoteError,557,561,24
23:18:36.052 DEBUG akka://ENSIME/user/ensime-main/$b o.e.s.ConnectionHandler - received handled message NewScalaNotesEvent(false,List(Note(/home/stelios/workspace/FunctionalDataStructures/src/main/scala/Option.scala,constructor cannot be instantiated to expected type;
 found   : Some[A]
 required: Option.type,NoteError,582,586,
23:18:36.061 DEBUG akka://ENSIME/user/ensime-main/$b o.e.s.ConnectionHandler - received handled message NewScalaNotesEvent(false,List(Note(/home/stelios/workspace/FunctionalDataStructures/src/main/scala/Option.scala,not found: type A,NoteError,627,628,29,21))) from Actor[akka://ENSIME/user/ensime-main/project/scalac/functionald
23:18:36.065 DEBUG akka://ENSIME/user/ensime-main/$b o.e.s.ConnectionHandler - received handled message NewScalaNotesEvent(false,List(Note(/home/stelios/workspace/FunctionalDataStructures/src/main/scala/Option.scala,not found: value a,NoteError,671,672,29,65))) from Actor[akka://ENSIME/user/ensime-main/project/scalac/functional
23:18:36.513 DEBUG akka://ENSIME/user/ensime-main/project/scalac/functionaldatastructures_compile o.e.c.Analyzer - received handled message FullTypeCheckCompleteEvent from Actor[akka://ENSIME/deadLetters] in state ready
23:18:36.514 DEBUG akka://ENSIME/user/ensime-main/$b o.e.s.ConnectionHandler - received handled message FullTypeCheckCompleteEvent from Actor[akka://ENSIME/user/ensime-main/project/scalac/functionaldatastructures_compile#-1242703873]
23:19:00.257 DEBUG None o.e.i.SearchService - finished indexing file:///home/stelios/.sbt/boot/scala-2.12.6/lib/scala-library.jar
23:19:19.542 DEBUG None o.e.i.SearchService - finished indexing file:///usr/lib/jvm/java-8-oracle/jre/lib/rt.jar
23:19:20.059 INFO  None o.e.u.Debouncer$ - Debouncer action project -> project invoked after maxDelay 20 seconds surpassed (37 calls)
23:19:20.059 INFO  None o.e.u.Debouncer$ - Debouncer action project -> project invoked after maxDelay 20 seconds surpassed (37 calls)
23:19:20.060 DEBUG akka://ENSIME/user/ensime-main/project o.e.c.Project - received handled message RestartScalaCompilerReq(Some(EnsimeProjectId(functionaldatastructures,test)),KeepLoaded) from Actor[akka://ENSIME/deadLetters] in state handleRequests
23:19:20.060 DEBUG akka://ENSIME/user/ensime-main/project o.e.c.Project - received handled message RestartScalaCompilerReq(Some(EnsimeProjectId(functionaldatastructures,compile)),KeepLoaded) from Actor[akka://ENSIME/deadLetters] in state handleRequests
23:19:20.061 DEBUG akka://ENSIME/user/ensime-main/project/scalac o.e.c.AnalyzerManager - received handled message RestartScalaCompilerReq(Some(EnsimeProjectId(functionaldatastructures,test)),KeepLoaded) from Actor[akka://ENSIME/deadLetters] in state ready
23:19:20.061 DEBUG akka://ENSIME/user/ensime-main/project/scalac o.e.c.AnalyzerManager - received handled message RestartScalaCompilerReq(Some(EnsimeProjectId(functionaldatastructures,compile)),KeepLoaded) from Actor[akka://ENSIME/deadLetters] in state ready
23:19:20.061 DEBUG akka://ENSIME/user/ensime-main/project/scalac/functionaldatastructures_compile o.e.c.Analyzer - received handled message RestartScalaCompilerReq(Some(EnsimeProjectId(functionaldatastructures,compile)),KeepLoaded) from Actor[akka://ENSIME/deadLetters] in state ready
23:19:20.188 WARN  akka://ENSIME/user/ensime-main/project/scalac/functionaldatastructures_compile o.e.c.Analyzer - Restarting the Presentation Compiler
23:19:20.236 DEBUG akka://ENSIME/user/ensime-main/project o.e.c.Project - created 138056 and removed 0 searchable rows
23:19:20.236 DEBUG akka://ENSIME/user/ensime-main/$b o.e.s.ConnectionHandler - received handled message IndexerReadyEvent from Actor[akka://ENSIME/user/ensime-main/project#-1035356941]
23:19:20.325 DEBUG akka://ENSIME/user/ensime-main/$b o.e.s.ConnectionHandler - received handled message ClearAllScalaNotesEvent from Actor[akka://ENSIME/user/ensime-main/project/scalac/functionaldatastructures_compile#-1242703873]
23:19:20.330 DEBUG akka://ENSIME/user/ensime-main/$b o.e.s.ConnectionHandler - received handled message CompilerRestartedEvent from Actor[akka://ENSIME/user/ensime-main/project/scalac/functionaldatastructures_compile#-1242703873]
23:19:20.389 DEBUG akka://ENSIME/user/ensime-main/$b o.e.s.ConnectionHandler - received handled message NewScalaNotesEvent(false,List(Note(/home/stelios/workspace/FunctionalDataStructures/src/main/scala/Stream.scala,'case' expected but '}' found.,NoteError,665,665,33,9))) from Actor[akka://ENSIME/user/ensime-main/project/scalac
23:19:20.590 DEBUG None o.e.u.Debouncer$ - Debouncer action ClassfileIndexer -> ClassfileIndexer invoked after delay 5 seconds surpassed (36 calls)
23:19:20.594 DEBUG akka://ENSIME/user/ClassfileIndexer o.e.i.IndexingQueueActor - Indexing 10 groups of files
23:19:21.143 DEBUG akka://ENSIME/user/ensime-main/$b o.e.s.ConnectionHandler - received handled message NewScalaNotesEvent(false,List(Note(/home/stelios/workspace/FunctionalDataStructures/src/main/scala/Option.scala,constructor cannot be instantiated to expected type;
 found   : Some[A]
 required: Option.type,NoteError,429,433,
23:19:21.144 DEBUG akka://ENSIME/user/ensime-main/$b o.e.s.ConnectionHandler - received handled message NewScalaNotesEvent(false,List(Note(/home/stelios/workspace/FunctionalDataStructures/src/main/scala/Option.scala,pattern type is incompatible with expected type;
 found   : None.type
 required: Option.type,NoteError,462,466,19
23:19:21.147 DEBUG akka://ENSIME/user/ensime-main/$b o.e.s.ConnectionHandler - received handled message NewScalaNotesEvent(false,List(Note(/home/stelios/workspace/FunctionalDataStructures/src/main/scala/Option.scala,not found: type A,NoteError,503,504,22,22))) from Actor[akka://ENSIME/user/ensime-main/project/scalac/functionald
23:19:21.151 DEBUG akka://ENSIME/user/ensime-main/$b o.e.s.ConnectionHandler - received handled message NewScalaNotesEvent(false,List(Note(/home/stelios/workspace/FunctionalDataStructures/src/main/scala/Option.scala,pattern type is incompatible with expected type;
 found   : None.type
 required: Option.type,NoteError,557,561,24
23:19:21.154 DEBUG akka://ENSIME/user/ensime-main/$b o.e.s.ConnectionHandler - received handled message NewScalaNotesEvent(false,List(Note(/home/stelios/workspace/FunctionalDataStructures/src/main/scala/Option.scala,constructor cannot be instantiated to expected type;
 found   : Some[A]
 required: Option.type,NoteError,582,586,
23:19:21.158 DEBUG akka://ENSIME/user/ensime-main/$b o.e.s.ConnectionHandler - received handled message NewScalaNotesEvent(false,List(Note(/home/stelios/workspace/FunctionalDataStructures/src/main/scala/Option.scala,not found: type A,NoteError,627,628,29,21))) from Actor[akka://ENSIME/user/ensime-main/project/scalac/functionald
23:19:21.162 DEBUG akka://ENSIME/user/ensime-main/$b o.e.s.ConnectionHandler - received handled message NewScalaNotesEvent(false,List(Note(/home/stelios/workspace/FunctionalDataStructures/src/main/scala/Option.scala,not found: value a,NoteError,671,672,29,65))) from Actor[akka://ENSIME/user/ensime-main/project/scalac/functional
23:19:21.203 DEBUG akka://ENSIME/user/ensime-main/$b o.e.s.ConnectionHandler - received handled message NewScalaNotesEvent(false,List(Note(/home/stelios/workspace/FunctionalDataStructures/src/main/scala/Stream.scala,pattern type is incompatible with expected type;
 found   : Stream.Empty.type
 required: Stream[A],NoteError,92,9
23:19:21.208 DEBUG akka://ENSIME/user/ensime-main/$b o.e.s.ConnectionHandler - received handled message NewScalaNotesEvent(false,List(Note(/home/stelios/workspace/FunctionalDataStructures/src/main/scala/Stream.scala,constructor cannot be instantiated to expected type;
 found   : Cons[A(in class Cons)]
 required: Stream[A(in tra
23:19:21.216 DEBUG akka://ENSIME/user/ensime-main/$b o.e.s.ConnectionHandler - received handled message NewScalaNotesEvent(false,List(Note(/home/stelios/workspace/FunctionalDataStructures/src/main/scala/Stream.scala,constructor cannot be instantiated to expected type;
 found   : Cons[A(in class Cons)]
 required: Stream[A(in tra
23:19:21.222 DEBUG akka://ENSIME/user/ensime-main/$b o.e.s.ConnectionHandler - received handled message NewScalaNotesEvent(false,List(Note(/home/stelios/workspace/FunctionalDataStructures/src/main/scala/Stream.scala,constructor cannot be instantiated to expected type;
 found   : Cons[A(in class Cons)]
 required: Stream[A(in tra
23:19:21.225 DEBUG akka://ENSIME/user/ensime-main/$b o.e.s.ConnectionHandler - received handled message NewScalaNotesEvent(false,List(Note(/home/stelios/workspace/FunctionalDataStructures/src/main/scala/Stream.scala,pattern type is incompatible with expected type;
 found   : Stream.Empty.type
 required: Stream[A],NoteError,407,
23:19:21.231 DEBUG akka://ENSIME/user/ensime-main/$b o.e.s.ConnectionHandler - received handled message NewScalaNotesEvent(false,List(Note(/home/stelios/workspace/FunctionalDataStructures/src/main/scala/Stream.scala,constructor cannot be instantiated to expected type;
 found   : Cons[A(in class Cons)]
 required: Stream[A(in tra
23:19:21.235 DEBUG akka://ENSIME/user/ensime-main/$b o.e.s.ConnectionHandler - received handled message NewScalaNotesEvent(false,List(Note(/home/stelios/workspace/FunctionalDataStructures/src/main/scala/Stream.scala,constructor cannot be instantiated to expected type;
 found   : Cons[A(in class Cons)]
 required: Stream[A(in tra
23:19:21.238 DEBUG akka://ENSIME/user/ensime-main/project/scalac/functionaldatastructures_compile o.e.c.Analyzer - received handled message FullTypeCheckCompleteEvent from Actor[akka://ENSIME/deadLetters] in state ready
23:19:21.239 DEBUG akka://ENSIME/user/ensime-main/$b o.e.s.ConnectionHandler - received handled message FullTypeCheckCompleteEvent from Actor[akka://ENSIME/user/ensime-main/project/scalac/functionaldatastructures_compile#-1242703873]
23:19:45.387 DEBUG akka://ENSIME/user/ensime-main/$b/3 o.e.s.RequestHandler - TypecheckFilesReq(List(Left(/home/stelios/workspace/FunctionalDataStructures/src/main/scala/Stream.scala)))
23:19:45.394 DEBUG akka://ENSIME/user/ensime-main/project o.e.c.Project - received handled message TypecheckFilesReq(List(Left(/home/stelios/workspace/FunctionalDataStructures/src/main/scala/Stream.scala))) from Actor[akka://ENSIME/user/ensime-main/$b/3#-1966540276] in state handleRequests
23:19:45.394 DEBUG akka://ENSIME/user/ensime-main/project/scalac o.e.c.AnalyzerManager - received handled message TypecheckFilesReq(List(Left(/home/stelios/workspace/FunctionalDataStructures/src/main/scala/Stream.scala))) from Actor[akka://ENSIME/user/ensime-main/$b/3#-1966540276] in state ready
23:19:45.395 DEBUG akka://ENSIME/user/ensime-main/project/scalac/functionaldatastructures_compile o.e.c.Analyzer - received handled message TypecheckFilesReq(List(Left(/home/stelios/workspace/FunctionalDataStructures/src/main/scala/Stream.scala))) from Actor[akka://ENSIME/user/ensime-main/project/scalac/$c#-417176784] in state ready
23:19:45.400 DEBUG akka://ENSIME/user/ensime-main/$b o.e.s.ConnectionHandler - received handled message ClearAllScalaNotesEvent from Actor[akka://ENSIME/user/ensime-main/project/scalac/functionaldatastructures_compile#-1242703873]
23:19:45.400 DEBUG akka://ENSIME/user/ensime-main/$b/3 o.e.s.RequestHandler - received handled message VoidResponse from Actor[akka://ENSIME/user/ensime-main/project/scalac/$c#-417176784] in state receive
23:19:45.492 DEBUG akka://ENSIME/user/ensime-main/$b o.e.s.ConnectionHandler - received handled message NewScalaNotesEvent(false,List(Note(/home/stelios/workspace/FunctionalDataStructures/src/main/scala/Stream.scala,pattern type is incompatible with expected type;
 found   : Stream.Empty.type
 required: Stream[A],NoteError,92,9
23:19:45.505 DEBUG akka://ENSIME/user/ensime-main/$b o.e.s.ConnectionHandler - received handled message NewScalaNotesEvent(false,List(Note(/home/stelios/workspace/FunctionalDataStructures/src/main/scala/Stream.scala,constructor cannot be instantiated to expected type;
 found   : Cons[A(in class Cons)]
 required: Stream[A(in tra
23:19:45.517 DEBUG akka://ENSIME/user/ensime-main/$b o.e.s.ConnectionHandler - received handled message NewScalaNotesEvent(false,List(Note(/home/stelios/workspace/FunctionalDataStructures/src/main/scala/Stream.scala,constructor cannot be instantiated to expected type;
 found   : Cons[A(in class Cons)]
 required: Stream[A(in tra
23:19:45.523 DEBUG akka://ENSIME/user/ensime-main/$b o.e.s.ConnectionHandler - received handled message NewScalaNotesEvent(false,List(Note(/home/stelios/workspace/FunctionalDataStructures/src/main/scala/Stream.scala,constructor cannot be instantiated to expected type;
 found   : Cons[A(in class Cons)]
 required: Stream[A(in tra
23:19:45.526 DEBUG akka://ENSIME/user/ensime-main/$b o.e.s.ConnectionHandler - received handled message NewScalaNotesEvent(false,List(Note(/home/stelios/workspace/FunctionalDataStructures/src/main/scala/Stream.scala,pattern type is incompatible with expected type;
 found   : Stream.Empty.type
 required: Stream[A],NoteError,407,
23:19:45.531 DEBUG akka://ENSIME/user/ensime-main/$b o.e.s.ConnectionHandler - received handled message NewScalaNotesEvent(false,List(Note(/home/stelios/workspace/FunctionalDataStructures/src/main/scala/Stream.scala,constructor cannot be instantiated to expected type;
 found   : Cons[A(in class Cons)]
 required: Stream[A(in tra
23:19:45.536 DEBUG akka://ENSIME/user/ensime-main/$b o.e.s.ConnectionHandler - received handled message NewScalaNotesEvent(false,List(Note(/home/stelios/workspace/FunctionalDataStructures/src/main/scala/Stream.scala,constructor cannot be instantiated to expected type;
 found   : Cons[A(in class Cons)]
 required: Stream[A(in tra
23:19:45.877 DEBUG akka://ENSIME/user/ensime-main/$b o.e.s.ConnectionHandler - received handled message NewScalaNotesEvent(false,List(Note(/home/stelios/workspace/FunctionalDataStructures/src/main/scala/Option.scala,constructor cannot be instantiated to expected type;
 found   : Some[A]
 required: Option.type,NoteError,429,433,
23:19:45.881 DEBUG akka://ENSIME/user/ensime-main/$b o.e.s.ConnectionHandler - received handled message NewScalaNotesEvent(false,List(Note(/home/stelios/workspace/FunctionalDataStructures/src/main/scala/Option.scala,pattern type is incompatible with expected type;
 found   : None.type
 required: Option.type,NoteError,462,466,19
23:19:45.882 DEBUG akka://ENSIME/user/ensime-main/$b o.e.s.ConnectionHandler - received handled message NewScalaNotesEvent(false,List(Note(/home/stelios/workspace/FunctionalDataStructures/src/main/scala/Option.scala,not found: type A,NoteError,503,504,22,22))) from Actor[akka://ENSIME/user/ensime-main/project/scalac/functionald
23:19:45.885 DEBUG akka://ENSIME/user/ensime-main/$b o.e.s.ConnectionHandler - received handled message NewScalaNotesEvent(false,List(Note(/home/stelios/workspace/FunctionalDataStructures/src/main/scala/Option.scala,pattern type is incompatible with expected type;
 found   : None.type
 required: Option.type,NoteError,557,561,24
23:19:45.886 DEBUG akka://ENSIME/user/ensime-main/$b o.e.s.ConnectionHandler - received handled message NewScalaNotesEvent(false,List(Note(/home/stelios/workspace/FunctionalDataStructures/src/main/scala/Option.scala,constructor cannot be instantiated to expected type;
 found   : Some[A]
 required: Option.type,NoteError,582,586,
23:19:45.889 DEBUG akka://ENSIME/user/ensime-main/$b o.e.s.ConnectionHandler - received handled message NewScalaNotesEvent(false,List(Note(/home/stelios/workspace/FunctionalDataStructures/src/main/scala/Option.scala,not found: type A,NoteError,627,628,29,21))) from Actor[akka://ENSIME/user/ensime-main/project/scalac/functionald
23:19:45.890 DEBUG akka://ENSIME/user/ensime-main/$b o.e.s.ConnectionHandler - received handled message NewScalaNotesEvent(false,List(Note(/home/stelios/workspace/FunctionalDataStructures/src/main/scala/Option.scala,not found: value a,NoteError,671,672,29,65))) from Actor[akka://ENSIME/user/ensime-main/project/scalac/functional
23:19:45.897 DEBUG akka://ENSIME/user/ensime-main/project/scalac/functionaldatastructures_compile o.e.c.Analyzer - received handled message FullTypeCheckCompleteEvent from Actor[akka://ENSIME/deadLetters] in state ready
23:19:45.898 DEBUG akka://ENSIME/user/ensime-main/$b o.e.s.ConnectionHandler - received handled message FullTypeCheckCompleteEvent from Actor[akka://ENSIME/user/ensime-main/project/scalac/functionaldatastructures_compile#-1242703873]
23:21:08.540 INFO  None o.e.u.Debouncer$ - Debouncer action project -> project invoked after maxDelay 20 seconds surpassed (24 calls)
23:21:08.540 INFO  None o.e.u.Debouncer$ - Debouncer action project -> project invoked after maxDelay 20 seconds surpassed (24 calls)
23:21:08.542 DEBUG akka://ENSIME/user/ensime-main/project o.e.c.Project - received handled message RestartScalaCompilerReq(Some(EnsimeProjectId(functionaldatastructures,compile)),KeepLoaded) from Actor[akka://ENSIME/deadLetters] in state handleRequests
23:21:08.544 DEBUG akka://ENSIME/user/ensime-main/project/scalac o.e.c.AnalyzerManager - received handled message RestartScalaCompilerReq(Some(EnsimeProjectId(functionaldatastructures,compile)),KeepLoaded) from Actor[akka://ENSIME/deadLetters] in state ready
23:21:08.545 DEBUG akka://ENSIME/user/ensime-main/project o.e.c.Project - received handled message RestartScalaCompilerReq(Some(EnsimeProjectId(functionaldatastructures,test)),KeepLoaded) from Actor[akka://ENSIME/deadLetters] in state handleRequests
23:21:08.548 DEBUG akka://ENSIME/user/ensime-main/project/scalac o.e.c.AnalyzerManager - received handled message RestartScalaCompilerReq(Some(EnsimeProjectId(functionaldatastructures,test)),KeepLoaded) from Actor[akka://ENSIME/deadLetters] in state ready
23:21:08.549 DEBUG akka://ENSIME/user/ensime-main/project/scalac/functionaldatastructures_compile o.e.c.Analyzer - received handled message RestartScalaCompilerReq(Some(EnsimeProjectId(functionaldatastructures,compile)),KeepLoaded) from Actor[akka://ENSIME/deadLetters] in state ready
23:21:08.550 WARN  akka://ENSIME/user/ensime-main/project/scalac/functionaldatastructures_compile o.e.c.Analyzer - Restarting the Presentation Compiler
23:21:08.632 DEBUG akka://ENSIME/user/ensime-main/$b o.e.s.ConnectionHandler - received handled message ClearAllScalaNotesEvent from Actor[akka://ENSIME/user/ensime-main/project/scalac/functionaldatastructures_compile#-1242703873]
23:21:08.635 DEBUG akka://ENSIME/user/ensime-main/$b o.e.s.ConnectionHandler - received handled message CompilerRestartedEvent from Actor[akka://ENSIME/user/ensime-main/project/scalac/functionaldatastructures_compile#-1242703873]
23:21:09.081 DEBUG akka://ENSIME/user/ensime-main/$b o.e.s.ConnectionHandler - received handled message NewScalaNotesEvent(false,List(Note(/home/stelios/workspace/FunctionalDataStructures/src/main/scala/Option.scala,constructor cannot be instantiated to expected type;
 found   : Some[A]
 required: Option.type,NoteError,429,433,
23:21:09.104 DEBUG akka://ENSIME/user/ensime-main/$b o.e.s.ConnectionHandler - received handled message NewScalaNotesEvent(false,List(Note(/home/stelios/workspace/FunctionalDataStructures/src/main/scala/Option.scala,pattern type is incompatible with expected type;
 found   : None.type
 required: Option.type,NoteError,462,466,19
23:21:09.104 DEBUG akka://ENSIME/user/ensime-main/$b o.e.s.ConnectionHandler - received handled message NewScalaNotesEvent(false,List(Note(/home/stelios/workspace/FunctionalDataStructures/src/main/scala/Option.scala,not found: type A,NoteError,503,504,22,22))) from Actor[akka://ENSIME/user/ensime-main/project/scalac/functionald
23:21:09.105 DEBUG akka://ENSIME/user/ensime-main/$b o.e.s.ConnectionHandler - received handled message NewScalaNotesEvent(false,List(Note(/home/stelios/workspace/FunctionalDataStructures/src/main/scala/Option.scala,pattern type is incompatible with expected type;
 found   : None.type
 required: Option.type,NoteError,557,561,24
23:21:09.113 DEBUG akka://ENSIME/user/ensime-main/$b o.e.s.ConnectionHandler - received handled message NewScalaNotesEvent(false,List(Note(/home/stelios/workspace/FunctionalDataStructures/src/main/scala/Option.scala,constructor cannot be instantiated to expected type;
 found   : Some[A]
 required: Option.type,NoteError,582,586,
23:21:09.113 DEBUG akka://ENSIME/user/ensime-main/$b o.e.s.ConnectionHandler - received handled message NewScalaNotesEvent(false,List(Note(/home/stelios/workspace/FunctionalDataStructures/src/main/scala/Option.scala,not found: type A,NoteError,627,628,29,21))) from Actor[akka://ENSIME/user/ensime-main/project/scalac/functionald
23:21:09.113 DEBUG akka://ENSIME/user/ensime-main/$b o.e.s.ConnectionHandler - received handled message NewScalaNotesEvent(false,List(Note(/home/stelios/workspace/FunctionalDataStructures/src/main/scala/Option.scala,not found: value a,NoteError,671,672,29,65))) from Actor[akka://ENSIME/user/ensime-main/project/scalac/functional
23:21:09.125 DEBUG akka://ENSIME/user/ensime-main/$b o.e.s.ConnectionHandler - received handled message NewScalaNotesEvent(false,List(Note(/home/stelios/workspace/FunctionalDataStructures/src/main/scala/Stream.scala,pattern type is incompatible with expected type;
 found   : Stream.Empty.type
 required: Stream[A],NoteError,92,9
23:21:09.128 DEBUG akka://ENSIME/user/ensime-main/$b o.e.s.ConnectionHandler - received handled message NewScalaNotesEvent(false,List(Note(/home/stelios/workspace/FunctionalDataStructures/src/main/scala/Stream.scala,constructor cannot be instantiated to expected type;
 found   : Cons[A(in class Cons)]
 required: Stream[A(in tra
23:21:09.133 DEBUG akka://ENSIME/user/ensime-main/$b o.e.s.ConnectionHandler - received handled message NewScalaNotesEvent(false,List(Note(/home/stelios/workspace/FunctionalDataStructures/src/main/scala/Stream.scala,constructor cannot be instantiated to expected type;
 found   : Cons[A(in class Cons)]
 required: Stream[A(in tra
23:21:09.138 DEBUG akka://ENSIME/user/ensime-main/$b o.e.s.ConnectionHandler - received handled message NewScalaNotesEvent(false,List(Note(/home/stelios/workspace/FunctionalDataStructures/src/main/scala/Stream.scala,constructor cannot be instantiated to expected type;
 found   : Cons[A(in class Cons)]
 required: Stream[A(in tra
23:21:09.141 DEBUG akka://ENSIME/user/ensime-main/$b o.e.s.ConnectionHandler - received handled message NewScalaNotesEvent(false,List(Note(/home/stelios/workspace/FunctionalDataStructures/src/main/scala/Stream.scala,pattern type is incompatible with expected type;
 found   : Stream.Empty.type
 required: Stream[A],NoteError,407,
23:21:09.145 DEBUG akka://ENSIME/user/ensime-main/$b o.e.s.ConnectionHandler - received handled message NewScalaNotesEvent(false,List(Note(/home/stelios/workspace/FunctionalDataStructures/src/main/scala/Stream.scala,constructor cannot be instantiated to expected type;
 found   : Cons[A(in class Cons)]
 required: Stream[A(in tra
23:21:09.149 DEBUG akka://ENSIME/user/ensime-main/$b o.e.s.ConnectionHandler - received handled message NewScalaNotesEvent(false,List(Note(/home/stelios/workspace/FunctionalDataStructures/src/main/scala/Stream.scala,constructor cannot be instantiated to expected type;
 found   : Cons[A(in class Cons)]
 required: Stream[A(in tra
23:21:09.155 DEBUG akka://ENSIME/user/ensime-main/project/scalac/functionaldatastructures_compile o.e.c.Analyzer - received handled message FullTypeCheckCompleteEvent from Actor[akka://ENSIME/deadLetters] in state ready
23:21:09.155 DEBUG akka://ENSIME/user/ensime-main/$b o.e.s.ConnectionHandler - received handled message FullTypeCheckCompleteEvent from Actor[akka://ENSIME/user/ensime-main/project/scalac/functionaldatastructures_compile#-1242703873]
23:21:10.130 DEBUG None o.e.u.Debouncer$ - Debouncer action ClassfileIndexer -> ClassfileIndexer invoked after delay 5 seconds surpassed (23 calls)
23:21:10.131 DEBUG akka://ENSIME/user/ClassfileIndexer o.e.i.IndexingQueueActor - Indexing 10 groups of files
23:21:33.284 DEBUG akka://ENSIME/user/ensime-main/$b/4 o.e.s.RequestHandler - TypecheckFilesReq(List(Left(/home/stelios/workspace/FunctionalDataStructures/src/main/scala/Stream.scala)))
23:21:33.284 DEBUG akka://ENSIME/user/ensime-main/project o.e.c.Project - received handled message TypecheckFilesReq(List(Left(/home/stelios/workspace/FunctionalDataStructures/src/main/scala/Stream.scala))) from Actor[akka://ENSIME/user/ensime-main/$b/4#901902411] in state handleRequests
23:21:33.284 DEBUG akka://ENSIME/user/ensime-main/project/scalac o.e.c.AnalyzerManager - received handled message TypecheckFilesReq(List(Left(/home/stelios/workspace/FunctionalDataStructures/src/main/scala/Stream.scala))) from Actor[akka://ENSIME/user/ensime-main/$b/4#901902411] in state ready
23:21:33.286 DEBUG akka://ENSIME/user/ensime-main/project/scalac/functionaldatastructures_compile o.e.c.Analyzer - received handled message TypecheckFilesReq(List(Left(/home/stelios/workspace/FunctionalDataStructures/src/main/scala/Stream.scala))) from Actor[akka://ENSIME/user/ensime-main/project/scalac/$d#-143464524] in state ready
23:21:33.299 DEBUG akka://ENSIME/user/ensime-main/$b o.e.s.ConnectionHandler - received handled message ClearAllScalaNotesEvent from Actor[akka://ENSIME/user/ensime-main/project/scalac/functionaldatastructures_compile#-1242703873]
23:21:33.299 DEBUG akka://ENSIME/user/ensime-main/$b/4 o.e.s.RequestHandler - received handled message VoidResponse from Actor[akka://ENSIME/user/ensime-main/project/scalac/$d#-143464524] in state receive
23:21:33.398 DEBUG akka://ENSIME/user/ensime-main/$b o.e.s.ConnectionHandler - received handled message NewScalaNotesEvent(false,List(Note(/home/stelios/workspace/FunctionalDataStructures/src/main/scala/Stream.scala,pattern type is incompatible with expected type;
 found   : Stream.Empty.type
 required: Stream[A],NoteError,95,1
23:21:33.409 DEBUG akka://ENSIME/user/ensime-main/$b o.e.s.ConnectionHandler - received handled message NewScalaNotesEvent(false,List(Note(/home/stelios/workspace/FunctionalDataStructures/src/main/scala/Stream.scala,constructor cannot be instantiated to expected type;
 found   : Cons[A(in class Cons)]
 required: Stream[A(in tra
23:21:33.423 DEBUG akka://ENSIME/user/ensime-main/$b o.e.s.ConnectionHandler - received handled message NewScalaNotesEvent(false,List(Note(/home/stelios/workspace/FunctionalDataStructures/src/main/scala/Stream.scala,constructor cannot be instantiated to expected type;
 found   : Cons[A(in class Cons)]
 required: Stream[A(in tra
23:21:33.428 DEBUG akka://ENSIME/user/ensime-main/$b o.e.s.ConnectionHandler - received handled message NewScalaNotesEvent(false,List(Note(/home/stelios/workspace/FunctionalDataStructures/src/main/scala/Stream.scala,constructor cannot be instantiated to expected type;
 found   : Cons[A(in class Cons)]
 required: Stream[A(in tra
23:21:33.433 DEBUG akka://ENSIME/user/ensime-main/$b o.e.s.ConnectionHandler - received handled message NewScalaNotesEvent(false,List(Note(/home/stelios/workspace/FunctionalDataStructures/src/main/scala/Stream.scala,pattern type is incompatible with expected type;
 found   : Stream.Empty.type
 required: Stream[A],NoteError,420,
23:21:33.439 DEBUG akka://ENSIME/user/ensime-main/$b o.e.s.ConnectionHandler - received handled message NewScalaNotesEvent(false,List(Note(/home/stelios/workspace/FunctionalDataStructures/src/main/scala/Stream.scala,constructor cannot be instantiated to expected type;
 found   : Cons[A(in class Cons)]
 required: Stream[A(in tra
23:21:33.446 DEBUG akka://ENSIME/user/ensime-main/$b o.e.s.ConnectionHandler - received handled message NewScalaNotesEvent(false,List(Note(/home/stelios/workspace/FunctionalDataStructures/src/main/scala/Stream.scala,constructor cannot be instantiated to expected type;
 found   : Cons[A(in class Cons)]
 required: Stream[A(in tra
23:21:33.812 DEBUG akka://ENSIME/user/ensime-main/$b o.e.s.ConnectionHandler - received handled message NewScalaNotesEvent(false,List(Note(/home/stelios/workspace/FunctionalDataStructures/src/main/scala/Option.scala,constructor cannot be instantiated to expected type;
 found   : Some[A]
 required: Option.type,NoteError,429,433,
23:21:33.814 DEBUG akka://ENSIME/user/ensime-main/$b o.e.s.ConnectionHandler - received handled message NewScalaNotesEvent(false,List(Note(/home/stelios/workspace/FunctionalDataStructures/src/main/scala/Option.scala,pattern type is incompatible with expected type;
 found   : None.type
 required: Option.type,NoteError,462,466,19
23:21:33.815 DEBUG akka://ENSIME/user/ensime-main/$b o.e.s.ConnectionHandler - received handled message NewScalaNotesEvent(false,List(Note(/home/stelios/workspace/FunctionalDataStructures/src/main/scala/Option.scala,not found: type A,NoteError,503,504,22,22))) from Actor[akka://ENSIME/user/ensime-main/project/scalac/functionald
23:21:33.815 DEBUG akka://ENSIME/user/ensime-main/$b o.e.s.ConnectionHandler - received handled message NewScalaNotesEvent(false,List(Note(/home/stelios/workspace/FunctionalDataStructures/src/main/scala/Option.scala,pattern type is incompatible with expected type;
 found   : None.type
 required: Option.type,NoteError,557,561,24
23:21:33.823 DEBUG akka://ENSIME/user/ensime-main/project/scalac/functionaldatastructures_compile o.e.c.Analyzer - received handled message FullTypeCheckCompleteEvent from Actor[akka://ENSIME/deadLetters] in state ready
23:21:33.824 DEBUG akka://ENSIME/user/ensime-main/$b o.e.s.ConnectionHandler - received handled message NewScalaNotesEvent(false,List(Note(/home/stelios/workspace/FunctionalDataStructures/src/main/scala/Option.scala,constructor cannot be instantiated to expected type;
 found   : Some[A]
 required: Option.type,NoteError,582,586,
23:21:33.825 DEBUG akka://ENSIME/user/ensime-main/$b o.e.s.ConnectionHandler - received handled message NewScalaNotesEvent(false,List(Note(/home/stelios/workspace/FunctionalDataStructures/src/main/scala/Option.scala,not found: type A,NoteError,627,628,29,21))) from Actor[akka://ENSIME/user/ensime-main/project/scalac/functionald
23:21:33.825 DEBUG akka://ENSIME/user/ensime-main/$b o.e.s.ConnectionHandler - received handled message NewScalaNotesEvent(false,List(Note(/home/stelios/workspace/FunctionalDataStructures/src/main/scala/Option.scala,not found: value a,NoteError,671,672,29,65))) from Actor[akka://ENSIME/user/ensime-main/project/scalac/functional
23:21:33.825 DEBUG akka://ENSIME/user/ensime-main/$b o.e.s.ConnectionHandler - received handled message FullTypeCheckCompleteEvent from Actor[akka://ENSIME/user/ensime-main/project/scalac/functionaldatastructures_compile#-1242703873]
23:23:33.280 DEBUG akka://ENSIME/user/ensime-main/project/scalac/$a o.e.c.Analyzer - received handled message SuspendAnalyzer from Actor[akka://ENSIME/user/ensime-main/project/scalac/$a#396126485] in state ready
